<html>
<head>
<title>TestNG:  Default test</title>
<link href="../testng.css" rel="stylesheet" type="text/css" />
<link href="../my-testng.css" rel="stylesheet" type="text/css" />

<style type="text/css">
.log { display: none;} 
.stack-trace { display: none;} 
</style>
<script type="text/javascript">
<!--
function flip(e) {
  current = e.style.display;
  if (current == 'block') {
    e.style.display = 'none';
    return 0;
  }
  else {
    e.style.display = 'block';
    return 1;
  }
}

function toggleBox(szDivId, elem, msg1, msg2)
{
  var res = -1;  if (document.getElementById) {
    res = flip(document.getElementById(szDivId));
  }
  else if (document.all) {
    // this is the way old msie versions work
    res = flip(document.all[szDivId]);
  }
  if(elem) {
    if(res == 0) elem.innerHTML = msg1; else elem.innerHTML = msg2;
  }

}

function toggleAllBoxes() {
  if (document.getElementsByTagName) {
    d = document.getElementsByTagName('div');
    for (i = 0; i < d.length; i++) {
      if (d[i].className == 'log') {
        flip(d[i]);
      }
    }
  }
}

// -->
</script>

</head>
<body>
<h2 align='center'>Default test</h2><table border='1' align="center">
<tr>
<td>Tests passed/Failed/Skipped:</td><td>6/1/0</td>
</tr><tr>
<td>Started on:</td><td>Fri Sep 01 20:06:55 IST 2023</td>
</tr>
<tr><td>Total time:</td><td>119 seconds (119371 ms)</td>
</tr><tr>
<td>Included groups:</td><td></td>
</tr><tr>
<td>Excluded groups:</td><td></td>
</tr>
</table><p/>
<small><i>(Hover the method name to see the test class name)</i></small><p/>
<table width='100%' border='1' class='invocation-failed'>
<tr><td colspan='4' align='center'><b>FAILED TESTS</b></td></tr>
<tr><td><b>Test method</b></td>
<td><b>Attribute(s)</b></td>
<td width="30%"><b>Exception</b></td>
<td width="10%"><b>Time (seconds)</b></td>
<td><b>Instance</b></td>
</tr>
<tr>
<td title='OrangeHRM_Runner.Logging_runner.runScenario()'><b>runScenario</b><br>Test class: OrangeHRM_Runner.Logging_runner<br>Test method: Runs Cucumber Scenarios<br>Parameters: "Verify and Edit Language and date with valid data", "Edit Language and Date"</td>
<td><div><pre>org.openqa.selenium.NoSuchElementException: Unable to locate element: //div [text() = &apos;mm-dd-yyyy ( 08-30-2023 )&apos;]
For documentation on this error, please visit: https://www.selenium.dev/documentation/webdriver/troubleshooting/errors#no-such-element-exception
Build info: version: &apos;4.11.0&apos;, revision: &apos;040bc5406b&apos;
System info: os.name: &apos;Windows 10&apos;, os.arch: &apos;amd64&apos;, os.version: &apos;10.0&apos;, java.version: &apos;17.0.8&apos;
Driver info: org.openqa.selenium.firefox.FirefoxDriver
Command: [2f7723de-4086-4b57-add4-22a8f377ad01, findElement {using=xpath, value=//div [text() = &apos;mm-dd-yyyy ( 08-30-2023 )&apos;]}]
Capabilities {acceptInsecureCerts: true, browserName: firefox, browserVersion: 117.0, moz:accessibilityChecks: false, moz:buildID: 20230824132758, moz:debuggerAddress: 127.0.0.1:15718, moz:geckodriverVersion: 0.33.0, moz:headless: false, moz:platformVersion: 10.0, moz:processID: 19768, moz:profile: C:\Users\HP\AppData\Local\T..., moz:shutdownTimeout: 60000, moz:webdriverClick: true, moz:windowless: false, pageLoadStrategy: normal, platformName: windows, proxy: Proxy(), se:cdp: ws://127.0.0.1:15718/devtoo..., se:cdpVersion: 85.0, setWindowRect: true, strictFileInteractability: false, timeouts: {implicit: 0, pageLoad: 300000, script: 30000}, unhandledPromptBehavior: dismiss and notify}
Session ID: 2f7723de-4086-4b57-add4-22a8f377ad01
	at java.base/jdk.internal.reflect.NativeConstructorAccessorImpl.newInstance0(Native Method)
	at java.base/jdk.internal.reflect.NativeConstructorAccessorImpl.newInstance(NativeConstructorAccessorImpl.java:77)
	at java.base/jdk.internal.reflect.DelegatingConstructorAccessorImpl.newInstance(DelegatingConstructorAccessorImpl.java:45)
	at java.base/java.lang.reflect.Constructor.newInstanceWithCaller(Constructor.java:499)
	at java.base/java.lang.reflect.Constructor.newInstance(Constructor.java:480)
	at org.openqa.selenium.remote.codec.w3c.W3CHttpResponseCodec.createException(W3CHttpResponseCodec.java:200)
	at org.openqa.selenium.remote.codec.w3c.W3CHttpResponseCodec.decode(W3CHttpResponseCodec.java:133)
	at org.openqa.selenium.remote.codec.w3c.W3CHttpResponseCodec.decode(W3CHttpResponseCodec.java:52)
	at org.openqa.selenium.remote.HttpCommandExecutor.execute(HttpCommandExecutor.java:191)
	at org.openqa.selenium.remote.service.DriverCommandExecutor.invokeExecute(DriverCommandExecutor.java:196)
	at org.openqa.selenium.remote.service.DriverCommandExecutor.execute(DriverCommandExecutor.java:171)
	at org.openqa.selenium.remote.RemoteWebDriver.execute(RemoteWebDriver.java:518)
	at org.openqa.selenium.remote.ElementLocation$ElementFinder$2.findElement(ElementLocation.java:165)
	at org.openqa.selenium.remote.ElementLocation.findElement(ElementLocation.java:59)
	at org.openqa.selenium.remote.RemoteWebDriver.findElement(RemoteWebDriver.java:355)
	at org.openqa.selenium.remote.RemoteWebDriver.findElement(RemoteWebDriver.java:349)
	at org.openqa.selenium.support.pagefactory.DefaultElementLocator.findElement(DefaultElementLocator.java:68)
	at org.openqa.selenium.support.pagefactory.internal.LocatingElementHandler.invoke(LocatingElementHandler.java:38)
	at jdk.proxy2/jdk.proxy2.$Proxy29.click(Unknown Source)
	at POM.Edit_Language.DateFormat(Edit_Language.java:64)
	at OrangeHRM.steps.Loging.selcte_date_format_dropdown_option(Loging.java:181)
	at ✽.selcte Date Format dropdown Option(file:///C:/Users/HP/Desktop/automation%20eclip/OrangeHRM/src/main/java/EditLanguage_OrangeHRM.feature:14)
</pre></div><a href='#' onClick='toggleBox("stack-trace402622480", this, "Click to show all stack frames", "Click to hide stack frames")'>Click to show all stack frames</a>
<div class='stack-trace' id='stack-trace402622480'><pre>org.openqa.selenium.NoSuchElementException: Unable to locate element: //div [text() = &apos;mm-dd-yyyy ( 08-30-2023 )&apos;]
For documentation on this error, please visit: https://www.selenium.dev/documentation/webdriver/troubleshooting/errors#no-such-element-exception
Build info: version: &apos;4.11.0&apos;, revision: &apos;040bc5406b&apos;
System info: os.name: &apos;Windows 10&apos;, os.arch: &apos;amd64&apos;, os.version: &apos;10.0&apos;, java.version: &apos;17.0.8&apos;
Driver info: org.openqa.selenium.firefox.FirefoxDriver
Command: [2f7723de-4086-4b57-add4-22a8f377ad01, findElement {using=xpath, value=//div [text() = &apos;mm-dd-yyyy ( 08-30-2023 )&apos;]}]
Capabilities {acceptInsecureCerts: true, browserName: firefox, browserVersion: 117.0, moz:accessibilityChecks: false, moz:buildID: 20230824132758, moz:debuggerAddress: 127.0.0.1:15718, moz:geckodriverVersion: 0.33.0, moz:headless: false, moz:platformVersion: 10.0, moz:processID: 19768, moz:profile: C:\Users\HP\AppData\Local\T..., moz:shutdownTimeout: 60000, moz:webdriverClick: true, moz:windowless: false, pageLoadStrategy: normal, platformName: windows, proxy: Proxy(), se:cdp: ws://127.0.0.1:15718/devtoo..., se:cdpVersion: 85.0, setWindowRect: true, strictFileInteractability: false, timeouts: {implicit: 0, pageLoad: 300000, script: 30000}, unhandledPromptBehavior: dismiss and notify}
Session ID: 2f7723de-4086-4b57-add4-22a8f377ad01
	at java.base/jdk.internal.reflect.NativeConstructorAccessorImpl.newInstance0(Native Method)
	at java.base/jdk.internal.reflect.NativeConstructorAccessorImpl.newInstance(NativeConstructorAccessorImpl.java:77)
	at java.base/jdk.internal.reflect.DelegatingConstructorAccessorImpl.newInstance(DelegatingConstructorAccessorImpl.java:45)
	at java.base/java.lang.reflect.Constructor.newInstanceWithCaller(Constructor.java:499)
	at java.base/java.lang.reflect.Constructor.newInstance(Constructor.java:480)
	at org.openqa.selenium.remote.codec.w3c.W3CHttpResponseCodec.createException(W3CHttpResponseCodec.java:200)
	at org.openqa.selenium.remote.codec.w3c.W3CHttpResponseCodec.decode(W3CHttpResponseCodec.java:133)
	at org.openqa.selenium.remote.codec.w3c.W3CHttpResponseCodec.decode(W3CHttpResponseCodec.java:52)
	at org.openqa.selenium.remote.HttpCommandExecutor.execute(HttpCommandExecutor.java:191)
	at org.openqa.selenium.remote.service.DriverCommandExecutor.invokeExecute(DriverCommandExecutor.java:196)
	at org.openqa.selenium.remote.service.DriverCommandExecutor.execute(DriverCommandExecutor.java:171)
	at org.openqa.selenium.remote.RemoteWebDriver.execute(RemoteWebDriver.java:518)
	at org.openqa.selenium.remote.ElementLocation$ElementFinder$2.findElement(ElementLocation.java:165)
	at org.openqa.selenium.remote.ElementLocation.findElement(ElementLocation.java:59)
	at org.openqa.selenium.remote.RemoteWebDriver.findElement(RemoteWebDriver.java:355)
	at org.openqa.selenium.remote.RemoteWebDriver.findElement(RemoteWebDriver.java:349)
	at org.openqa.selenium.support.pagefactory.DefaultElementLocator.findElement(DefaultElementLocator.java:68)
	at org.openqa.selenium.support.pagefactory.internal.LocatingElementHandler.invoke(LocatingElementHandler.java:38)
	at jdk.proxy2/jdk.proxy2.$Proxy29.click(Unknown Source)
	at POM.Edit_Language.DateFormat(Edit_Language.java:64)
	at OrangeHRM.steps.Loging.selcte_date_format_dropdown_option(Loging.java:181)
	at ✽.selcte Date Format dropdown Option(file:///C:/Users/HP/Desktop/automation%20eclip/OrangeHRM/src/main/java/EditLanguage_OrangeHRM.feature:14)
</pre></div></td>
<td>24</td>
<td>OrangeHRM_Runner.Logging_runner@bccb269</td></tr>
</table><p>
<table width='100%' border='1' class='invocation-passed'>
<tr><td colspan='4' align='center'><b>PASSED TESTS</b></td></tr>
<tr><td><b>Test method</b></td>
<td><b>Attribute(s)</b></td>
<td width="30%"><b>Exception</b></td>
<td width="10%"><b>Time (seconds)</b></td>
<td><b>Instance</b></td>
</tr>
<tr>
<td title='OrangeHRM_Runner.Logging_runner.runScenario()'><b>runScenario</b><br>Test class: OrangeHRM_Runner.Logging_runner<br>Test method: Runs Cucumber Scenarios<br>Parameters: "verify Forgot Password button is working or not", "Log in function"</td>
<td></td>
<td>11</td>
<td>OrangeHRM_Runner.Logging_runner@bccb269</td></tr>
<tr>
<td title='OrangeHRM_Runner.Logging_runner.runScenario()'><b>runScenario</b><br>Test class: OrangeHRM_Runner.Logging_runner<br>Test method: Runs Cucumber Scenarios<br>Parameters: "Verify user ID an Password with valid inputs", "Log in function"</td>
<td></td>
<td>12</td>
<td>OrangeHRM_Runner.Logging_runner@bccb269</td></tr>
<tr>
<td title='OrangeHRM_Runner.Logging_runner.runScenario()'><b>runScenario</b><br>Test class: OrangeHRM_Runner.Logging_runner<br>Test method: Runs Cucumber Scenarios<br>Parameters: "Verify and Adding new language in textbox with valid data", "Adding new Language"</td>
<td></td>
<td>26</td>
<td>OrangeHRM_Runner.Logging_runner@bccb269</td></tr>
<tr>
<td title='OrangeHRM_Runner.Logging_runner.runScenario()'><b>runScenario</b><br>Test class: OrangeHRM_Runner.Logging_runner<br>Test method: Runs Cucumber Scenarios<br>Parameters: "Verify user ID an Password with Invalid password", "Log in function"</td>
<td></td>
<td>12</td>
<td>OrangeHRM_Runner.Logging_runner@bccb269</td></tr>
<tr>
<td title='OrangeHRM_Runner.Logging_runner.runScenario()'><b>runScenario</b><br>Test class: OrangeHRM_Runner.Logging_runner<br>Test method: Runs Cucumber Scenarios<br>Parameters: "Verify user ID an Password with Invalid username", "Log in function"</td>
<td></td>
<td>12</td>
<td>OrangeHRM_Runner.Logging_runner@bccb269</td></tr>
<tr>
<td title='OrangeHRM_Runner.Logging_runner.runScenario()'><b>runScenario</b><br>Test class: OrangeHRM_Runner.Logging_runner<br>Test method: Runs Cucumber Scenarios<br>Parameters: "verify HR module", "Adding new Language"</td>
<td></td>
<td>18</td>
<td>OrangeHRM_Runner.Logging_runner@bccb269</td></tr>
</table><p>
</body>
</html>